Start testing: Feb 02 09:26 PST
----------------------------------------------------------
1/3 Testing: copyright
1/3 Test: copyright
Command: "/usr/bin/python3" "-u" "/opt/ros/humble/share/ament_cmake_test/cmake/run_test.py" "/home/bluelule/ugv_project/ros2_ws/build/zed_ros2/test_results/zed_ros2/copyright.xunit.xml" "--package-name" "zed_ros2" "--output-file" "/home/bluelule/ugv_project/ros2_ws/build/zed_ros2/ament_copyright/copyright.txt" "--command" "/opt/ros/humble/bin/ament_copyright" "--xunit-file" "/home/bluelule/ugv_project/ros2_ws/build/zed_ros2/test_results/zed_ros2/copyright.xunit.xml"
Directory: /home/bluelule/ugv_project/ros2_ws/src/third_party/zed-ros2-wrapper/zed_ros2
"copyright" start time: Feb 02 09:26 PST
Output:
----------------------------------------------------------
-- run_test.py: invoking following command in '/home/bluelule/ugv_project/ros2_ws/src/third_party/zed-ros2-wrapper/zed_ros2':
 - /opt/ros/humble/bin/ament_copyright --xunit-file /home/bluelule/ugv_project/ros2_ws/build/zed_ros2/test_results/zed_ros2/copyright.xunit.xml
No repository roots and files found
No problems found, checked 0 files
-- run_test.py: return code 0
-- run_test.py: verify result file '/home/bluelule/ugv_project/ros2_ws/build/zed_ros2/test_results/zed_ros2/copyright.xunit.xml'
<end of output>
Test time =   0.40 sec
----------------------------------------------------------
Test Passed.
"copyright" end time: Feb 02 09:26 PST
"copyright" time elapsed: 00:00:00
----------------------------------------------------------

2/3 Testing: lint_cmake
2/3 Test: lint_cmake
Command: "/usr/bin/python3" "-u" "/opt/ros/humble/share/ament_cmake_test/cmake/run_test.py" "/home/bluelule/ugv_project/ros2_ws/build/zed_ros2/test_results/zed_ros2/lint_cmake.xunit.xml" "--package-name" "zed_ros2" "--output-file" "/home/bluelule/ugv_project/ros2_ws/build/zed_ros2/ament_lint_cmake/lint_cmake.txt" "--command" "/opt/ros/humble/bin/ament_lint_cmake" "--xunit-file" "/home/bluelule/ugv_project/ros2_ws/build/zed_ros2/test_results/zed_ros2/lint_cmake.xunit.xml"
Directory: /home/bluelule/ugv_project/ros2_ws/src/third_party/zed-ros2-wrapper/zed_ros2
"lint_cmake" start time: Feb 02 09:26 PST
Output:
----------------------------------------------------------
-- run_test.py: invoking following command in '/home/bluelule/ugv_project/ros2_ws/src/third_party/zed-ros2-wrapper/zed_ros2':
 - /opt/ros/humble/bin/ament_lint_cmake --xunit-file /home/bluelule/ugv_project/ros2_ws/build/zed_ros2/test_results/zed_ros2/lint_cmake.xunit.xml
CMakeLists.txt:40: Tab found; please use spaces [whitespace/tabs]
CMakeLists.txt:40: Line ends in whitespace [whitespace/eol]


2 errors
-- run_test.py: return code 1
-- run_test.py: verify result file '/home/bluelule/ugv_project/ros2_ws/build/zed_ros2/test_results/zed_ros2/lint_cmake.xunit.xml'
<end of output>
Test time =   0.27 sec
----------------------------------------------------------
Test Failed.
"lint_cmake" end time: Feb 02 09:26 PST
"lint_cmake" time elapsed: 00:00:00
----------------------------------------------------------

3/3 Testing: xmllint
3/3 Test: xmllint
Command: "/usr/bin/python3" "-u" "/opt/ros/humble/share/ament_cmake_test/cmake/run_test.py" "/home/bluelule/ugv_project/ros2_ws/build/zed_ros2/test_results/zed_ros2/xmllint.xunit.xml" "--package-name" "zed_ros2" "--output-file" "/home/bluelule/ugv_project/ros2_ws/build/zed_ros2/ament_xmllint/xmllint.txt" "--command" "/opt/ros/humble/bin/ament_xmllint" "--xunit-file" "/home/bluelule/ugv_project/ros2_ws/build/zed_ros2/test_results/zed_ros2/xmllint.xunit.xml"
Directory: /home/bluelule/ugv_project/ros2_ws/src/third_party/zed-ros2-wrapper/zed_ros2
"xmllint" start time: Feb 02 09:26 PST
Output:
----------------------------------------------------------
-- run_test.py: invoking following command in '/home/bluelule/ugv_project/ros2_ws/src/third_party/zed-ros2-wrapper/zed_ros2':
 - /opt/ros/humble/bin/ament_xmllint --xunit-file /home/bluelule/ugv_project/ros2_ws/build/zed_ros2/test_results/zed_ros2/xmllint.xunit.xml
File 'package.xml' is invalid:
error : Resource temporarily unavailable
warning: failed to load external entity "http://download.ros.org/schema/package_format2.xsd"
Schemas parser error : Failed to locate the main schema resource at 'http://download.ros.org/schema/package_format2.xsd'.
WXS schema http://download.ros.org/schema/package_format2.xsd failed to compile

1 files are invalid
-- run_test.py: return code 1
-- run_test.py: verify result file '/home/bluelule/ugv_project/ros2_ws/build/zed_ros2/test_results/zed_ros2/xmllint.xunit.xml'
<end of output>
Test time =   0.28 sec
----------------------------------------------------------
Test Failed.
"xmllint" end time: Feb 02 09:26 PST
"xmllint" time elapsed: 00:00:00
----------------------------------------------------------

End testing: Feb 02 09:26 PST

copyright =   0.40 sec*proc

lint_cmake =   0.27 sec*proc

linter =   0.95 sec*proc

xmllint =   0.28 sec*proc

